<?xml version="1.0" encoding="UTF-8"?>
<testsuites>
  <testsuite name="CodeIgniter Application Test Suite" tests="1" assertions="1" errors="0" failures="0" skipped="0" time="0.485339">
    <testsuite name="Users_test" file="/var/www/html/application/tests/models/Users_test.php" tests="1" assertions="1" errors="0" failures="0" skipped="0" time="0.485339">
      <testcase name="search" class="Users_test" classname="Users_test" file="/var/www/html/application/tests/models/Users_test.php" line="21" assertions="1" time="0.485339"/>
    </testsuite>
  </testsuite>
</testsuites>
